cl : línea de comandos  warning D9035: La opción 'Gm' está desusada y se quitará en próximas versiones
  main.cpp
C:\Users\dorad\Downloads\MOJODOJO-OPENGL\OpenGl\main.cpp(60,10): warning C4101: 'h': variable local sin referencia
C:\Users\dorad\Downloads\MOJODOJO-OPENGL\OpenGl\main.cpp(60,7): warning C4101: 'w': variable local sin referencia
C:\Users\dorad\Downloads\MOJODOJO-OPENGL\OpenGl\main.cpp(91,10): warning C4101: 'h': variable local sin referencia
C:\Users\dorad\Downloads\MOJODOJO-OPENGL\OpenGl\main.cpp(91,7): warning C4101: 'w': variable local sin referencia
C:\Users\dorad\Downloads\MOJODOJO-OPENGL\OpenGl\main.cpp(122,10): warning C4101: 'h': variable local sin referencia
C:\Users\dorad\Downloads\MOJODOJO-OPENGL\OpenGl\main.cpp(122,7): warning C4101: 'w': variable local sin referencia
C:\Users\dorad\Downloads\MOJODOJO-OPENGL\OpenGl\main.cpp(154,10): warning C4101: 'h': variable local sin referencia
C:\Users\dorad\Downloads\MOJODOJO-OPENGL\OpenGl\main.cpp(154,7): warning C4101: 'w': variable local sin referencia
C:\Users\dorad\Downloads\MOJODOJO-OPENGL\OpenGl\main.cpp(190,10): warning C4101: 'h': variable local sin referencia
C:\Users\dorad\Downloads\MOJODOJO-OPENGL\OpenGl\main.cpp(190,7): warning C4101: 'w': variable local sin referencia
C:\Users\dorad\Downloads\MOJODOJO-OPENGL\OpenGl\main.cpp(219,10): warning C4101: 'h': variable local sin referencia
C:\Users\dorad\Downloads\MOJODOJO-OPENGL\OpenGl\main.cpp(219,7): warning C4101: 'w': variable local sin referencia
C:\Users\dorad\Downloads\MOJODOJO-OPENGL\OpenGl\main.cpp(249,10): warning C4101: 'h': variable local sin referencia
C:\Users\dorad\Downloads\MOJODOJO-OPENGL\OpenGl\main.cpp(249,7): warning C4101: 'w': variable local sin referencia
C:\Users\dorad\Downloads\MOJODOJO-OPENGL\OpenGl\main.cpp(278,10): warning C4101: 'h': variable local sin referencia
C:\Users\dorad\Downloads\MOJODOJO-OPENGL\OpenGl\main.cpp(278,7): warning C4101: 'w': variable local sin referencia
C:\Users\dorad\Downloads\MOJODOJO-OPENGL\OpenGl\main.cpp(307,10): warning C4101: 'h': variable local sin referencia
C:\Users\dorad\Downloads\MOJODOJO-OPENGL\OpenGl\main.cpp(307,7): warning C4101: 'w': variable local sin referencia
C:\Users\dorad\Downloads\MOJODOJO-OPENGL\OpenGl\main.cpp(335,10): warning C4101: 'h': variable local sin referencia
C:\Users\dorad\Downloads\MOJODOJO-OPENGL\OpenGl\main.cpp(335,7): warning C4101: 'w': variable local sin referencia
C:\Users\dorad\Downloads\MOJODOJO-OPENGL\OpenGl\main.cpp(361,10): warning C4101: 'h': variable local sin referencia
C:\Users\dorad\Downloads\MOJODOJO-OPENGL\OpenGl\main.cpp(361,7): warning C4101: 'w': variable local sin referencia
C:\Users\dorad\Downloads\MOJODOJO-OPENGL\OpenGl\main.cpp(459,25): warning C4305: 'argumento': truncamiento de 'double' a 'GLfloat'
C:\Users\dorad\Downloads\MOJODOJO-OPENGL\OpenGl\main.cpp(471,26): warning C4305: 'argumento': truncamiento de 'double' a 'GLfloat'
C:\Users\dorad\Downloads\MOJODOJO-OPENGL\OpenGl\main.cpp(483,25): warning C4305: 'argumento': truncamiento de 'double' a 'GLfloat'
C:\Users\dorad\Downloads\MOJODOJO-OPENGL\OpenGl\main.cpp(498,25): warning C4305: 'argumento': truncamiento de 'double' a 'GLfloat'
C:\Users\dorad\Downloads\MOJODOJO-OPENGL\OpenGl\main.cpp(516,26): warning C4305: 'argumento': truncamiento de 'double' a 'GLfloat'
C:\Users\dorad\Downloads\MOJODOJO-OPENGL\OpenGl\main.cpp(528,25): warning C4305: 'argumento': truncamiento de 'double' a 'GLfloat'
C:\Users\dorad\Downloads\MOJODOJO-OPENGL\OpenGl\main.cpp(548,24): warning C4305: 'argumento': truncamiento de 'double' a 'GLfloat'
C:\Users\dorad\Downloads\MOJODOJO-OPENGL\OpenGl\main.cpp(554,24): warning C4305: 'argumento': truncamiento de 'double' a 'GLfloat'
C:\Users\dorad\Downloads\MOJODOJO-OPENGL\OpenGl\main.cpp(566,25): warning C4305: 'argumento': truncamiento de 'double' a 'GLfloat'
C:\Users\dorad\Downloads\MOJODOJO-OPENGL\OpenGl\main.cpp(578,24): warning C4305: 'argumento': truncamiento de 'double' a 'GLfloat'
C:\Users\dorad\Downloads\MOJODOJO-OPENGL\OpenGl\main.cpp(604,24): warning C4305: 'argumento': truncamiento de 'double' a 'GLfloat'
C:\Users\dorad\Downloads\MOJODOJO-OPENGL\OpenGl\main.cpp(616,25): warning C4305: 'argumento': truncamiento de 'double' a 'GLfloat'
C:\Users\dorad\Downloads\MOJODOJO-OPENGL\OpenGl\main.cpp(622,22): warning C4305: 'argumento': truncamiento de 'double' a 'GLfloat'
C:\Users\dorad\Downloads\MOJODOJO-OPENGL\OpenGl\main.cpp(628,24): warning C4305: 'argumento': truncamiento de 'double' a 'GLfloat'
C:\Users\dorad\Downloads\MOJODOJO-OPENGL\OpenGl\main.cpp(652,25): warning C4305: 'argumento': truncamiento de 'double' a 'GLfloat'
C:\Users\dorad\Downloads\MOJODOJO-OPENGL\OpenGl\main.cpp(659,25): warning C4305: 'argumento': truncamiento de 'double' a 'GLfloat'
C:\Users\dorad\Downloads\MOJODOJO-OPENGL\OpenGl\main.cpp(666,24): warning C4305: 'argumento': truncamiento de 'double' a 'GLfloat'
C:\Users\dorad\Downloads\MOJODOJO-OPENGL\OpenGl\main.cpp(673,24): warning C4305: 'argumento': truncamiento de 'double' a 'GLfloat'
C:\Users\dorad\Downloads\MOJODOJO-OPENGL\OpenGl\main.cpp(1010,16): warning C4305: 'inicializando': truncamiento de 'double' a 'GLfloat'
C:\Users\dorad\Downloads\MOJODOJO-OPENGL\OpenGl\main.cpp(1011,16): warning C4305: 'inicializando': truncamiento de 'double' a 'GLfloat'
  TemplateProject.vcxproj -> C:\Users\dorad\Downloads\MOJODOJO-OPENGL\OpenGl\Debug\TemplateProject.exe
