  glApplication.cpp
  glsl.cpp
C:\Users\Labor\OneDrive\Escritorio\ComputacionGrafica-master\cwc\source\glsl.cpp(1351,22): warning C4244: 'inicializando': conversión de 'std::streamoff' a 'unsigned long'; posible pérdida de datos
C:\Users\Labor\OneDrive\Escritorio\ComputacionGrafica-master\cwc\source\glsl.cpp(1353,23): warning C4244: 'inicializando': conversión de 'std::streamoff' a 'unsigned long'; posible pérdida de datos
  glutwindow.cpp
  glWindow.cpp
  glm.cpp
C:\Users\Labor\OneDrive\Escritorio\ComputacionGrafica-master\glm.cpp(187,23): warning C4996: 'strdup': The POSIX name for this item is deprecated. Instead, use the ISO C and C++ conformant name: _strdup. See online help for details.
C:\Users\Labor\OneDrive\Escritorio\ComputacionGrafica-master\glm.cpp(234,11): warning C4996: 'strdup': The POSIX name for this item is deprecated. Instead, use the ISO C and C++ conformant name: _strdup. See online help for details.
C:\Users\Labor\OneDrive\Escritorio\ComputacionGrafica-master\glm.cpp(262,5): warning C4996: 'strcpy': This function or variable may be unsafe. Consider using strcpy_s instead. To disable deprecation, use _CRT_SECURE_NO_WARNINGS. See online help for details.
C:\Users\Labor\OneDrive\Escritorio\ComputacionGrafica-master\glm.cpp(263,5): warning C4996: 'strcat': This function or variable may be unsafe. Consider using strcat_s instead. To disable deprecation, use _CRT_SECURE_NO_WARNINGS. See online help for details.
C:\Users\Labor\OneDrive\Escritorio\ComputacionGrafica-master\glm.cpp(303,45): warning C4305: '=': truncamiento de 'double' a 'GLfloat'
C:\Users\Labor\OneDrive\Escritorio\ComputacionGrafica-master\glm.cpp(304,45): warning C4305: '=': truncamiento de 'double' a 'GLfloat'
C:\Users\Labor\OneDrive\Escritorio\ComputacionGrafica-master\glm.cpp(305,45): warning C4305: '=': truncamiento de 'double' a 'GLfloat'
C:\Users\Labor\OneDrive\Escritorio\ComputacionGrafica-master\glm.cpp(307,45): warning C4305: '=': truncamiento de 'double' a 'GLfloat'
C:\Users\Labor\OneDrive\Escritorio\ComputacionGrafica-master\glm.cpp(308,45): warning C4305: '=': truncamiento de 'double' a 'GLfloat'
C:\Users\Labor\OneDrive\Escritorio\ComputacionGrafica-master\glm.cpp(309,45): warning C4305: '=': truncamiento de 'double' a 'GLfloat'
C:\Users\Labor\OneDrive\Escritorio\ComputacionGrafica-master\glm.cpp(266,12): warning C4996: 'fopen': This function or variable may be unsafe. Consider using fopen_s instead. To disable deprecation, use _CRT_SECURE_NO_WARNINGS. See online help for details.
C:\Users\Labor\OneDrive\Escritorio\ComputacionGrafica-master\glm.cpp(276,11): warning C4996: 'fscanf': This function or variable may be unsafe. Consider using fscanf_s instead. To disable deprecation, use _CRT_SECURE_NO_WARNINGS. See online help for details.
C:\Users\Labor\OneDrive\Escritorio\ComputacionGrafica-master\glm.cpp(285,13): warning C4996: 'sscanf': This function or variable may be unsafe. Consider using sscanf_s instead. To disable deprecation, use _CRT_SECURE_NO_WARNINGS. See online help for details.
C:\Users\Labor\OneDrive\Escritorio\ComputacionGrafica-master\glm.cpp(316,32): warning C4996: 'strdup': The POSIX name for this item is deprecated. Instead, use the ISO C and C++ conformant name: _strdup. See online help for details.
C:\Users\Labor\OneDrive\Escritorio\ComputacionGrafica-master\glm.cpp(320,11): warning C4996: 'fscanf': This function or variable may be unsafe. Consider using fscanf_s instead. To disable deprecation, use _CRT_SECURE_NO_WARNINGS. See online help for details.
C:\Users\Labor\OneDrive\Escritorio\ComputacionGrafica-master\glm.cpp(328,13): warning C4996: 'sscanf': This function or variable may be unsafe. Consider using sscanf_s instead. To disable deprecation, use _CRT_SECURE_NO_WARNINGS. See online help for details.
C:\Users\Labor\OneDrive\Escritorio\ComputacionGrafica-master\glm.cpp(330,51): warning C4996: 'strdup': The POSIX name for this item is deprecated. Instead, use the ISO C and C++ conformant name: _strdup. See online help for details.
C:\Users\Labor\OneDrive\Escritorio\ComputacionGrafica-master\glm.cpp(333,13): warning C4996: 'fscanf': This function or variable may be unsafe. Consider using fscanf_s instead. To disable deprecation, use _CRT_SECURE_NO_WARNINGS. See online help for details.
C:\Users\Labor\OneDrive\Escritorio\ComputacionGrafica-master\glm.cpp(341,17): warning C4996: 'fscanf': This function or variable may be unsafe. Consider using fscanf_s instead. To disable deprecation, use _CRT_SECURE_NO_WARNINGS. See online help for details.
C:\Users\Labor\OneDrive\Escritorio\ComputacionGrafica-master\glm.cpp(347,17): warning C4996: 'fscanf': This function or variable may be unsafe. Consider using fscanf_s instead. To disable deprecation, use _CRT_SECURE_NO_WARNINGS. See online help for details.
C:\Users\Labor\OneDrive\Escritorio\ComputacionGrafica-master\glm.cpp(353,17): warning C4996: 'fscanf': This function or variable may be unsafe. Consider using fscanf_s instead. To disable deprecation, use _CRT_SECURE_NO_WARNINGS. See online help for details.
C:\Users\Labor\OneDrive\Escritorio\ComputacionGrafica-master\glm.cpp(389,5): warning C4996: 'strcpy': This function or variable may be unsafe. Consider using strcpy_s instead. To disable deprecation, use _CRT_SECURE_NO_WARNINGS. See online help for details.
C:\Users\Labor\OneDrive\Escritorio\ComputacionGrafica-master\glm.cpp(390,5): warning C4996: 'strcat': This function or variable may be unsafe. Consider using strcat_s instead. To disable deprecation, use _CRT_SECURE_NO_WARNINGS. See online help for details.
C:\Users\Labor\OneDrive\Escritorio\ComputacionGrafica-master\glm.cpp(394,12): warning C4996: 'fopen': This function or variable may be unsafe. Consider using fopen_s instead. To disable deprecation, use _CRT_SECURE_NO_WARNINGS. See online help for details.
C:\Users\Labor\OneDrive\Escritorio\ComputacionGrafica-master\glm.cpp(448,11): warning C4996: 'fscanf': This function or variable may be unsafe. Consider using fscanf_s instead. To disable deprecation, use _CRT_SECURE_NO_WARNINGS. See online help for details.
C:\Users\Labor\OneDrive\Escritorio\ComputacionGrafica-master\glm.cpp(479,17): warning C4996: 'sscanf': This function or variable may be unsafe. Consider using sscanf_s instead. To disable deprecation, use _CRT_SECURE_NO_WARNINGS. See online help for details.
C:\Users\Labor\OneDrive\Escritorio\ComputacionGrafica-master\glm.cpp(480,37): warning C4996: 'strdup': The POSIX name for this item is deprecated. Instead, use the ISO C and C++ conformant name: _strdup. See online help for details.
C:\Users\Labor\OneDrive\Escritorio\ComputacionGrafica-master\glm.cpp(499,17): warning C4996: 'fscanf': This function or variable may be unsafe. Consider using fscanf_s instead. To disable deprecation, use _CRT_SECURE_NO_WARNINGS. See online help for details.
C:\Users\Labor\OneDrive\Escritorio\ComputacionGrafica-master\glm.cpp(503,21): warning C4996: 'sscanf': This function or variable may be unsafe. Consider using sscanf_s instead. To disable deprecation, use _CRT_SECURE_NO_WARNINGS. See online help for details.
C:\Users\Labor\OneDrive\Escritorio\ComputacionGrafica-master\glm.cpp(504,21): warning C4996: 'fscanf': This function or variable may be unsafe. Consider using fscanf_s instead. To disable deprecation, use _CRT_SECURE_NO_WARNINGS. See online help for details.
C:\Users\Labor\OneDrive\Escritorio\ComputacionGrafica-master\glm.cpp(505,21): warning C4996: 'fscanf': This function or variable may be unsafe. Consider using fscanf_s instead. To disable deprecation, use _CRT_SECURE_NO_WARNINGS. See online help for details.
C:\Users\Labor\OneDrive\Escritorio\ComputacionGrafica-master\glm.cpp(508,27): warning C4996: 'fscanf': This function or variable may be unsafe. Consider using fscanf_s instead. To disable deprecation, use _CRT_SECURE_NO_WARNINGS. See online help for details.
C:\Users\Labor\OneDrive\Escritorio\ComputacionGrafica-master\glm.cpp(512,28): warning C4996: 'sscanf': This function or variable may be unsafe. Consider using sscanf_s instead. To disable deprecation, use _CRT_SECURE_NO_WARNINGS. See online help for details.
C:\Users\Labor\OneDrive\Escritorio\ComputacionGrafica-master\glm.cpp(514,21): warning C4996: 'fscanf': This function or variable may be unsafe. Consider using fscanf_s instead. To disable deprecation, use _CRT_SECURE_NO_WARNINGS. See online help for details.
C:\Users\Labor\OneDrive\Escritorio\ComputacionGrafica-master\glm.cpp(515,21): warning C4996: 'fscanf': This function or variable may be unsafe. Consider using fscanf_s instead. To disable deprecation, use _CRT_SECURE_NO_WARNINGS. See online help for details.
C:\Users\Labor\OneDrive\Escritorio\ComputacionGrafica-master\glm.cpp(518,27): warning C4996: 'fscanf': This function or variable may be unsafe. Consider using fscanf_s instead. To disable deprecation, use _CRT_SECURE_NO_WARNINGS. See online help for details.
C:\Users\Labor\OneDrive\Escritorio\ComputacionGrafica-master\glm.cpp(522,28): warning C4996: 'sscanf': This function or variable may be unsafe. Consider using sscanf_s instead. To disable deprecation, use _CRT_SECURE_NO_WARNINGS. See online help for details.
C:\Users\Labor\OneDrive\Escritorio\ComputacionGrafica-master\glm.cpp(524,21): warning C4996: 'fscanf': This function or variable may be unsafe. Consider using fscanf_s instead. To disable deprecation, use _CRT_SECURE_NO_WARNINGS. See online help for details.
C:\Users\Labor\OneDrive\Escritorio\ComputacionGrafica-master\glm.cpp(525,21): warning C4996: 'fscanf': This function or variable may be unsafe. Consider using fscanf_s instead. To disable deprecation, use _CRT_SECURE_NO_WARNINGS. See online help for details.
C:\Users\Labor\OneDrive\Escritorio\ComputacionGrafica-master\glm.cpp(528,27): warning C4996: 'fscanf': This function or variable may be unsafe. Consider using fscanf_s instead. To disable deprecation, use _CRT_SECURE_NO_WARNINGS. See online help for details.
C:\Users\Labor\OneDrive\Escritorio\ComputacionGrafica-master\glm.cpp(534,21): warning C4996: 'fscanf': This function or variable may be unsafe. Consider using fscanf_s instead. To disable deprecation, use _CRT_SECURE_NO_WARNINGS. See online help for details.
C:\Users\Labor\OneDrive\Escritorio\ComputacionGrafica-master\glm.cpp(535,21): warning C4996: 'fscanf': This function or variable may be unsafe. Consider using fscanf_s instead. To disable deprecation, use _CRT_SECURE_NO_WARNINGS. See online help for details.
C:\Users\Labor\OneDrive\Escritorio\ComputacionGrafica-master\glm.cpp(538,27): warning C4996: 'fscanf': This function or variable may be unsafe. Consider using fscanf_s instead. To disable deprecation, use _CRT_SECURE_NO_WARNINGS. See online help for details.
C:\Users\Labor\OneDrive\Escritorio\ComputacionGrafica-master\glm.cpp(599,11): warning C4996: 'fscanf': This function or variable may be unsafe. Consider using fscanf_s instead. To disable deprecation, use _CRT_SECURE_NO_WARNINGS. See online help for details.
C:\Users\Labor\OneDrive\Escritorio\ComputacionGrafica-master\glm.cpp(608,17): warning C4996: 'fscanf': This function or variable may be unsafe. Consider using fscanf_s instead. To disable deprecation, use _CRT_SECURE_NO_WARNINGS. See online help for details.
C:\Users\Labor\OneDrive\Escritorio\ComputacionGrafica-master\glm.cpp(615,17): warning C4996: 'fscanf': This function or variable may be unsafe. Consider using fscanf_s instead. To disable deprecation, use _CRT_SECURE_NO_WARNINGS. See online help for details.
C:\Users\Labor\OneDrive\Escritorio\ComputacionGrafica-master\glm.cpp(622,17): warning C4996: 'fscanf': This function or variable may be unsafe. Consider using fscanf_s instead. To disable deprecation, use _CRT_SECURE_NO_WARNINGS. See online help for details.
C:\Users\Labor\OneDrive\Escritorio\ComputacionGrafica-master\glm.cpp(631,17): warning C4996: 'sscanf': This function or variable may be unsafe. Consider using sscanf_s instead. To disable deprecation, use _CRT_SECURE_NO_WARNINGS. See online help for details.
C:\Users\Labor\OneDrive\Escritorio\ComputacionGrafica-master\glm.cpp(647,17): warning C4996: 'fscanf': This function or variable may be unsafe. Consider using fscanf_s instead. To disable deprecation, use _CRT_SECURE_NO_WARNINGS. See online help for details.
C:\Users\Labor\OneDrive\Escritorio\ComputacionGrafica-master\glm.cpp(651,21): warning C4996: 'sscanf': This function or variable may be unsafe. Consider using sscanf_s instead. To disable deprecation, use _CRT_SECURE_NO_WARNINGS. See online help for details.
C:\Users\Labor\OneDrive\Escritorio\ComputacionGrafica-master\glm.cpp(654,21): warning C4996: 'fscanf': This function or variable may be unsafe. Consider using fscanf_s instead. To disable deprecation, use _CRT_SECURE_NO_WARNINGS. See online help for details.
C:\Users\Labor\OneDrive\Escritorio\ComputacionGrafica-master\glm.cpp(657,21): warning C4996: 'fscanf': This function or variable may be unsafe. Consider using fscanf_s instead. To disable deprecation, use _CRT_SECURE_NO_WARNINGS. See online help for details.
C:\Users\Labor\OneDrive\Escritorio\ComputacionGrafica-master\glm.cpp(662,27): warning C4996: 'fscanf': This function or variable may be unsafe. Consider using fscanf_s instead. To disable deprecation, use _CRT_SECURE_NO_WARNINGS. See online help for details.
C:\Users\Labor\OneDrive\Escritorio\ComputacionGrafica-master\glm.cpp(672,28): warning C4996: 'sscanf': This function or variable may be unsafe. Consider using sscanf_s instead. To disable deprecation, use _CRT_SECURE_NO_WARNINGS. See online help for details.
C:\Users\Labor\OneDrive\Escritorio\ComputacionGrafica-master\glm.cpp(677,21): warning C4996: 'fscanf': This function or variable may be unsafe. Consider using fscanf_s instead. To disable deprecation, use _CRT_SECURE_NO_WARNINGS. See online help for details.
C:\Users\Labor\OneDrive\Escritorio\ComputacionGrafica-master\glm.cpp(681,21): warning C4996: 'fscanf': This function or variable may be unsafe. Consider using fscanf_s instead. To disable deprecation, use _CRT_SECURE_NO_WARNINGS. See online help for details.
C:\Users\Labor\OneDrive\Escritorio\ComputacionGrafica-master\glm.cpp(687,27): warning C4996: 'fscanf': This function or variable may be unsafe. Consider using fscanf_s instead. To disable deprecation, use _CRT_SECURE_NO_WARNINGS. See online help for details.
C:\Users\Labor\OneDrive\Escritorio\ComputacionGrafica-master\glm.cpp(700,28): warning C4996: 'sscanf': This function or variable may be unsafe. Consider using sscanf_s instead. To disable deprecation, use _CRT_SECURE_NO_WARNINGS. See online help for details.
C:\Users\Labor\OneDrive\Escritorio\ComputacionGrafica-master\glm.cpp(704,21): warning C4996: 'fscanf': This function or variable may be unsafe. Consider using fscanf_s instead. To disable deprecation, use _CRT_SECURE_NO_WARNINGS. See online help for details.
C:\Users\Labor\OneDrive\Escritorio\ComputacionGrafica-master\glm.cpp(707,21): warning C4996: 'fscanf': This function or variable may be unsafe. Consider using fscanf_s instead. To disable deprecation, use _CRT_SECURE_NO_WARNINGS. See online help for details.
C:\Users\Labor\OneDrive\Escritorio\ComputacionGrafica-master\glm.cpp(712,27): warning C4996: 'fscanf': This function or variable may be unsafe. Consider using fscanf_s instead. To disable deprecation, use _CRT_SECURE_NO_WARNINGS. See online help for details.
C:\Users\Labor\OneDrive\Escritorio\ComputacionGrafica-master\glm.cpp(724,21): warning C4996: 'sscanf': This function or variable may be unsafe. Consider using sscanf_s instead. To disable deprecation, use _CRT_SECURE_NO_WARNINGS. See online help for details.
C:\Users\Labor\OneDrive\Escritorio\ComputacionGrafica-master\glm.cpp(726,21): warning C4996: 'fscanf': This function or variable may be unsafe. Consider using fscanf_s instead. To disable deprecation, use _CRT_SECURE_NO_WARNINGS. See online help for details.
C:\Users\Labor\OneDrive\Escritorio\ComputacionGrafica-master\glm.cpp(728,21): warning C4996: 'fscanf': This function or variable may be unsafe. Consider using fscanf_s instead. To disable deprecation, use _CRT_SECURE_NO_WARNINGS. See online help for details.
C:\Users\Labor\OneDrive\Escritorio\ComputacionGrafica-master\glm.cpp(732,27): warning C4996: 'fscanf': This function or variable may be unsafe. Consider using fscanf_s instead. To disable deprecation, use _CRT_SECURE_NO_WARNINGS. See online help for details.
C:\Users\Labor\OneDrive\Escritorio\ComputacionGrafica-master\glm.cpp(807,24): warning C4244: '=': conversión de 'double' a 'GLfloat'; posible pérdida de datos
C:\Users\Labor\OneDrive\Escritorio\ComputacionGrafica-master\glm.cpp(808,24): warning C4244: '=': conversión de 'double' a 'GLfloat'; posible pérdida de datos
C:\Users\Labor\OneDrive\Escritorio\ComputacionGrafica-master\glm.cpp(809,24): warning C4244: '=': conversión de 'double' a 'GLfloat'; posible pérdida de datos
C:\Users\Labor\OneDrive\Escritorio\ComputacionGrafica-master\glm.cpp(812,17): warning C4244: '=': conversión de 'double' a 'GLfloat'; posible pérdida de datos
C:\Users\Labor\OneDrive\Escritorio\ComputacionGrafica-master\glm.cpp(1012,20): warning C4244: '=': conversión de 'double' a 'GLfloat'; posible pérdida de datos
C:\Users\Labor\OneDrive\Escritorio\ComputacionGrafica-master\glm.cpp(1168,23): warning C4244: '=': conversión de 'double' a 'GLfloat'; posible pérdida de datos
C:\Users\Labor\OneDrive\Escritorio\ComputacionGrafica-master\glm.cpp(1175,49): warning C4244: '=': conversión de 'double' a 'GLfloat'; posible pérdida de datos
C:\Users\Labor\OneDrive\Escritorio\ComputacionGrafica-master\glm.cpp(1176,49): warning C4244: '=': conversión de 'double' a 'GLfloat'; posible pérdida de datos
C:\Users\Labor\OneDrive\Escritorio\ComputacionGrafica-master\glm.cpp(1226,17): warning C4244: '=': conversión de 'double' a 'GLfloat'; posible pérdida de datos
C:\Users\Labor\OneDrive\Escritorio\ComputacionGrafica-master\glm.cpp(1227,19): warning C4244: '=': conversión de 'double' a 'GLfloat'; posible pérdida de datos
C:\Users\Labor\OneDrive\Escritorio\ComputacionGrafica-master\glm.cpp(1234,39): warning C4305: '=': truncamiento de 'double' a 'GLfloat'
C:\Users\Labor\OneDrive\Escritorio\ComputacionGrafica-master\glm.cpp(1236,27): warning C4244: '=': conversión de 'double' a 'GLfloat'; posible pérdida de datos
C:\Users\Labor\OneDrive\Escritorio\ComputacionGrafica-master\glm.cpp(1239,42): warning C4305: '=': truncamiento de 'double' a 'GLfloat'
C:\Users\Labor\OneDrive\Escritorio\ComputacionGrafica-master\glm.cpp(1241,37): warning C4244: '=': conversión de 'double' a 'GLfloat'; posible pérdida de datos
C:\Users\Labor\OneDrive\Escritorio\ComputacionGrafica-master\glm.cpp(1244,45): warning C4244: '=': conversión de 'double' a 'GLfloat'; posible pérdida de datos
C:\Users\Labor\OneDrive\Escritorio\ComputacionGrafica-master\glm.cpp(1245,43): warning C4244: '=': conversión de 'double' a 'GLfloat'; posible pérdida de datos
C:\Users\Labor\OneDrive\Escritorio\ComputacionGrafica-master\glm.cpp(1308,12): warning C4996: 'fopen': This function or variable may be unsafe. Consider using fopen_s instead. To disable deprecation, use _CRT_SECURE_NO_WARNINGS. See online help for details.
C:\Users\Labor\OneDrive\Escritorio\ComputacionGrafica-master\glm.cpp(1317,26): warning C4996: 'strdup': The POSIX name for this item is deprecated. Instead, use the ISO C and C++ conformant name: _strdup. See online help for details.
C:\Users\Labor\OneDrive\Escritorio\ComputacionGrafica-master\glm.cpp(1429,12): warning C4996: 'fopen': This function or variable may be unsafe. Consider using fopen_s instead. To disable deprecation, use _CRT_SECURE_NO_WARNINGS. See online help for details.
C:\Users\Labor\OneDrive\Escritorio\ComputacionGrafica-master\glm.cpp(1791,10): warning C4996: 'fopen': This function or variable may be unsafe. Consider using fopen_s instead. To disable deprecation, use _CRT_SECURE_NO_WARNINGS. See online help for details.
C:\Users\Labor\OneDrive\Escritorio\ComputacionGrafica-master\glm.cpp(1812,18): warning C4996: 'sscanf': This function or variable may be unsafe. Consider using sscanf_s instead. To disable deprecation, use _CRT_SECURE_NO_WARNINGS. See online help for details.
C:\Users\Labor\OneDrive\Escritorio\ComputacionGrafica-master\glm.cpp(1814,18): warning C4996: 'sscanf': This function or variable may be unsafe. Consider using sscanf_s instead. To disable deprecation, use _CRT_SECURE_NO_WARNINGS. See online help for details.
C:\Users\Labor\OneDrive\Escritorio\ComputacionGrafica-master\glm.cpp(1816,18): warning C4996: 'sscanf': This function or variable may be unsafe. Consider using sscanf_s instead. To disable deprecation, use _CRT_SECURE_NO_WARNINGS. See online help for details.
  main.cpp
C:\Users\Labor\OneDrive\Escritorio\ComputacionGrafica-master\main.cpp(13,10): fatal error C1083: No se puede abrir el archivo incluir: 'FreeImage.h': No such file or directory
  Generando código...
